Arguments: 
  C:\Program Files\nodejs\node.exe C:\Users\Jack.Bonnell\AppData\Roaming\npm\node_modules\yarn\bin\yarn.js install

PATH: 
  C:\Program Files\Eclipse Foundation\jdk-8.0.302.8-hotspot\bin;C:\Python310\Scripts\;C:\Python310\;C:\Program Files\Common Files\Oracle\Java\javapath;C:\Program Files\Oculus\Support\oculus-runtime;C:\Windows\system32;C:\Windows;C:\Windows\System32\Wbem;C:\Windows\System32\WindowsPowerShell\v1.0\;C:\Windows\System32\OpenSSH\;C:\Program Files (x86)\NVIDIA Corporation\PhysX\Common;C:\Program Files\NVIDIA Corporation\NVIDIA NvDLISR;C:\Program Files (x86)\IncrediBuild;C:\Program Files\Perforce\;C:\ProgramData\chocolatey\bin;C:\Program Files\Git\cmd;C:\Program Files\Microsoft VS Code\bin;;C:\Program Files\dotnet\;C:\Program Files\nodejs\;C:\Program Files\Docker\Docker\resources\bin;C:\ProgramData\DockerDesktop\version-bin;C:\Program Files\LLVM\bin;C:\Program Files (x86)\GitExtensions\;C:\Users\Jack.Bonnell\AppData\Local\Microsoft\WindowsApps;;C:\Users\Jack.Bonnell\AppData\Local\Programs\Microsoft VS Code\bin;C:\Users\Jack.Bonnell\.dotnet\tools;C:\Users\Jack.Bonnell\AppData\Roaming\npm;C:\Program Files (x86)\Sophos\Sophos SSL VPN Client\bin

Yarn version: 
  1.22.19

Node version: 
  16.15.1

Platform: 
  win32 x64

Trace: 
  Error: https://registry.yarnpkg.com/@magnopus%2fcom.magnopus.olympus.foundation.web: Not found
      at Request.params.callback [as _callback] (C:\Users\Jack.Bonnell\AppData\Roaming\npm\node_modules\yarn\lib\cli.js:66145:18)
      at Request.self.callback (C:\Users\Jack.Bonnell\AppData\Roaming\npm\node_modules\yarn\lib\cli.js:140890:22)
      at Request.emit (node:events:527:28)
      at Request.<anonymous> (C:\Users\Jack.Bonnell\AppData\Roaming\npm\node_modules\yarn\lib\cli.js:141862:10)
      at Request.emit (node:events:527:28)
      at IncomingMessage.<anonymous> (C:\Users\Jack.Bonnell\AppData\Roaming\npm\node_modules\yarn\lib\cli.js:141784:12)
      at Object.onceWrapper (node:events:641:28)
      at IncomingMessage.emit (node:events:539:35)
      at endReadableNT (node:internal/streams/readable:1345:12)
      at processTicksAndRejections (node:internal/process/task_queues:83:21)

npm manifest: 
  {
    "name": "foundation-javascript-example",
    "type": "module",
    "scripts": {
      "start": "serve . -p 8080"
    },
    "dependencies": {
      "@magnopus/com.magnopus.olympus.foundation.web": "4.0.0"
    },
    "devDependencies": {
      "serve": "^14.2.0"
    }
  }

yarn manifest: 
  No manifest

Lockfile: 
  No lockfile
